#
# A fatal error has been detected by the Java Runtime Environment:
#
#  EXCEPTION_ACCESS_VIOLATION (0xc0000005) at pc=0x00007ff937284cdd, pid=6792, tid=5096
#
# JRE version: OpenJDK Runtime Environment (17.0.6) (build 17.0.6+0-b2043.56-10027231)
# Java VM: OpenJDK 64-Bit Server VM (17.0.6+0-b2043.56-10027231, mixed mode, tiered, compressed oops, compressed class ptrs, g1 gc, windows-amd64)
# Problematic frame:
# V  [jvm.dll+0x334cdd]
#
# No core dump will be written. Minidumps are not enabled by default on client versions of Windows
#
# If you would like to submit a bug report, please visit:
#   https://bugreport.java.com/bugreport/crash.jsp
#

---------------  S U M M A R Y ------------

Command Line: --add-opens=java.base/java.util=ALL-UNNAMED --add-opens=java.base/java.lang=ALL-UNNAMED --add-opens=java.base/java.lang.invoke=ALL-UNNAMED --add-opens=java.prefs/java.util.prefs=ALL-UNNAMED --add-opens=java.base/java.nio.charset=ALL-UNNAMED --add-opens=java.base/java.net=ALL-UNNAMED --add-opens=java.base/java.util.concurrent.atomic=ALL-UNNAMED -Xmx2048m -Dfile.encoding=UTF-8 -Duser.country=RU -Duser.language=ru -Duser.variant -javaagent:C:\Users\blessed\.gradle\wrapper\dists\gradle-8.3-bin\dxjbbhstwasg8cbags9q7cvli\gradle-8.3\lib\agents\gradle-instrumentation-agent-8.3.jar org.gradle.launcher.daemon.bootstrap.GradleDaemon 8.3

Host: Intel(R) Core(TM) i5-9400F CPU @ 2.90GHz, 6 cores, 15G,  Windows 10 , 64 bit Build 19041 (10.0.19041.2913)
Time: Tue Oct 31 16:29:57 2023 RTZ 2 (s 10 , 64 bit Build 19041 (10.0.19041.2913) elapsed time: 2.291804 seconds (0d 0h 0m 2s)

---------------  T H R E A D  ---------------

Current thread (0x000002632ef2da50):  JavaThread "C2 CompilerThread1" daemon [_thread_in_native, id=5096, stack(0x000000fb20200000,0x000000fb20300000)]


Current CompileTask:
C2:   2291 2181   !   4       java.net.URLClassLoader$1::run (81 bytes)

Stack: [0x000000fb20200000,0x000000fb20300000],  sp=0x000000fb202fb930,  free space=1006k
Native frames: (J=compiled Java code, j=interpreted, Vv=VM code, C=native code)
V  [jvm.dll+0x334cdd]
V  [jvm.dll+0x332c1c]
V  [jvm.dll+0x3323da]
V  [jvm.dll+0x21c201]
V  [jvm.dll+0x21b621]
V  [jvm.dll+0x1a4fdd]
V  [jvm.dll+0x22b098]
V  [jvm.dll+0x229159]
V  [jvm.dll+0x7f81ec]
V  [jvm.dll+0x7f274a]
V  [jvm.dll+0x682ad5]
C  [ucrtbase.dll+0x21bb2]
C  [KERNEL32.DLL+0x17614]
C  [ntdll.dll+0x526a1]


siginfo: EXCEPTION_ACCESS_VIOLATION (0xc0000005), reading address 0xffffffffffffffff


Register to memory mapping:

RIP=0x00007ff937284cdd jvm.dll
RAX=0xccccc30000003cb8 is an unknown value
RBX=0x00007ff936fb4d30 jvm.dll
RCX=0x00007ff936fb4d30 jvm.dll
RDX=0x0000026331685770 points into unknown readable memory: 0x00010020002da00f | 0f a0 2d 00 20 00 01 00
RSP=0x000000fb202fb930 is pointing into the stack for thread: 0x000002632ef2da50
RBP=0x0000000000000003 is an unknown value
RSI=0x0 is NULL
RDI=0x000002633256eee0 points into unknown readable memory: 0x0000000000000000 | 00 00 00 00 00 00 00 00
R8 =0x000002632e3ad6c8 points into unknown readable memory: 0x000002632ef32460 | 60 24 f3 2e 63 02 00 00
R9 =0x0000000000000050 is an unknown value
R10=0x0000000000000021 is an unknown value
R11=0x0000000000000004 is an unknown value
R12=0x000000fb202fba38 is pointing into the stack for thread: 0x000002632ef2da50
R13=0x000000fb202fbe70 is pointing into the stack for thread: 0x000002632ef2da50
R14=0x000002633256eee0 points into unknown readable memory: 0x0000000000000000 | 00 00 00 00 00 00 00 00
R15=0x000000fb202fba18 is pointing into the stack for thread: 0x000002632ef2da50


Registers:
RAX=0xccccc30000003cb8, RBX=0x00007ff936fb4d30, RCX=0x00007ff936fb4d30, RDX=0x0000026331685770
RSP=0x000000fb202fb930, RBP=0x0000000000000003, RSI=0x0000000000000000, RDI=0x000002633256eee0
R8 =0x000002632e3ad6c8, R9 =0x0000000000000050, R10=0x0000000000000021, R11=0x0000000000000004
R12=0x000000fb202fba38, R13=0x000000fb202fbe70, R14=0x000002633256eee0, R15=0x000000fb202fba18
RIP=0x00007ff937284cdd, EFLAGS=0x0000000000010206

Top of Stack: (sp=0x000000fb202fb930)
0x000000fb202fb930:   0000026332ca8a50 0000000000000003
0x000000fb202fb940:   000000000000aa70 000002632ef0e900
0x000000fb202fb950:   000002632f1abd10 000002632f1abf00
0x000000fb202fb960:   000002632f1abd00 000002632ef0e900
0x000000fb202fb970:   000002632ef0e900 0000026331d0ccd8
0x000000fb202fb980:   0000026331d0c4a0 000000fb202fbe70
0x000000fb202fb990:   0000000000000282 00007ff937282c1c
0x000000fb202fb9a0:   000002632e3ad6c8 000000fb202fbaa0
0x000000fb202fb9b0:   0000000000002221 0000000000000000
0x000000fb202fb9c0:   00000000000003ff 0000000000000000
0x000000fb202fb9d0:   000000007b00007b 0000000000000063
0x000000fb202fb9e0:   00000000127a0101 000000004c00400c
0x000000fb202fb9f0:   0000000000001d61 0000026331a0d000
0x000000fb202fba00:   0000000000000000 000000fb22002002
0x000000fb202fba10:   000000000000006b 0000026334570960
0x000000fb202fba20:   000002633457a8f0 000002633456fe80 

Instructions: (pc=0x00007ff937284cdd)
0x00007ff937284bdd:   4c 8b e2 4c 8b e9 49 8b 10 48 8d 4c 24 20 49 2b
0x00007ff937284bed:   50 10 4d 8b f8 48 83 c2 10 48 c1 ea 04 83 c2 08
0x00007ff937284bfd:   e8 be a5 de ff 49 8b 45 08 48 8b 98 d8 02 00 00
0x00007ff937284c0d:   49 83 07 10 49 8b 07 49 3b 47 08 72 0b 49 8b cf
0x00007ff937284c1d:   e8 fe c1 32 00 49 8b 07 48 89 18 c7 40 08 00 00
0x00007ff937284c2d:   00 00 49 8b 45 08 48 8b 88 d8 02 00 00 8b 79 28
0x00007ff937284c3d:   8b df c1 eb 05 41 3b 1c 24 72 0a 8b d3 49 8b cc
0x00007ff937284c4d:   e8 3e 72 4f 00 49 8b 44 24 08 83 e7 1f 48 89 6c
0x00007ff937284c5d:   24 78 48 89 b4 24 80 00 00 00 4c 89 b4 24 88 00
0x00007ff937284c6d:   00 00 48 8d 14 98 8b 04 98 0f ab f8 89 02 49 8b
0x00007ff937284c7d:   17 48 8b c2 49 2b 47 10 48 83 c0 10 48 c1 e8 04
0x00007ff937284c8d:   85 c0 0f 84 e1 02 00 00 8b 0d 1d ad 89 00 65 48
0x00007ff937284c9d:   8b 04 25 58 00 00 00 4c 8d 04 c8 4c 89 44 24 70
0x00007ff937284cad:   4c 8b 32 48 8d 42 f0 49 89 07 33 f6 41 b9 50 00
0x00007ff937284cbd:   00 00 85 f6 0f 85 04 01 00 00 49 8b 46 08 48 8b
0x00007ff937284ccd:   18 48 85 db 0f 84 9c 00 00 00 48 8b 03 48 8b cb
0x00007ff937284cdd:   ff 50 20 48 85 c0 0f 84 e2 00 00 00 49 3b c6 0f
0x00007ff937284ced:   84 d9 00 00 00 8b 4b 28 49 8b 45 78 4c 8b 04 c8
0x00007ff937284cfd:   33 c9 41 8b 40 48 83 f8 01 74 3b 45 8b 48 28 45
0x00007ff937284d0d:   8b d1 44 2b d0 41 8b ca 45 3b d1 73 26 45 8b 58
0x00007ff937284d1d:   18 4a 8d 14 d5 00 00 00 00 41 3b cb 73 0a 49 8b
0x00007ff937284d2d:   40 20 48 39 1c 02 74 0b ff c1 48 83 c2 08 41 3b
0x00007ff937284d3d:   c9 72 e6 41 2b ca 49 8b 40 40 48 8b 04 c8 83 78
0x00007ff937284d4d:   18 00 76 13 48 8b 40 20 33 d2 49 8b ce 4c 8b 00
0x00007ff937284d5d:   e8 6e 53 d4 ff eb 67 45 33 c0 33 d2 49 8b ce e8
0x00007ff937284d6d:   5f 53 d4 ff eb 58 41 83 7e 18 01 75 51 49 8b 5d
0x00007ff937284d7d:   10 48 89 18 48 85 db 74 34 48 8b 4b 10 48 85 c9
0x00007ff937284d8d:   74 2b 8b 43 20 3b 43 24 75 1c 8b d0 48 8b cb e8
0x00007ff937284d9d:   9f d0 32 00 8b 43 20 48 8b 4b 10 4c 8b 44 24 70
0x00007ff937284dad:   41 b9 50 00 00 00 4c 89 34 c1 ff 43 20 49 8b 00
0x00007ff937284dbd:   41 8b c9 80 3c 01 00 75 05 e8 05 8d 56 00 41 3b
0x00007ff937284dcd:   76 1c 0f 83 af 00 00 00 66 66 66 0f 1f 84 00 00 


Stack slot to memory mapping:
stack at sp + 0 slots: 0x0000026332ca8a50 points into unknown readable memory: 0x00007ff937875d38 | 38 5d 87 37 f9 7f 00 00
stack at sp + 1 slots: 0x0000000000000003 is an unknown value
stack at sp + 2 slots: 0x000000000000aa70 is an unknown value
stack at sp + 3 slots: 0x000002632ef0e900 points into unknown readable memory: 0x0000000000000006 | 06 00 00 00 00 00 00 00
stack at sp + 4 slots: 0x000002632f1abd10 points into unknown readable memory: 0x000002633256ee60 | 60 ee 56 32 63 02 00 00
stack at sp + 5 slots: 0x000002632f1abf00 points into unknown readable memory: 0x74656e2e6176616a | 6a 61 76 61 2e 6e 65 74
stack at sp + 6 slots: 0x000002632f1abd00 points into unknown readable memory: 0x0000026332078820 | 20 88 07 32 63 02 00 00
stack at sp + 7 slots: 0x000002632ef0e900 points into unknown readable memory: 0x0000000000000006 | 06 00 00 00 00 00 00 00


---------------  P R O C E S S  ---------------

Threads class SMR info:
_java_thread_list=0x0000026331c592b0, length=26, elements={
0x000002631496a510, 0x000002632e3ac210, 0x000002632e3ae1c0, 0x000002632ec54d50,
0x000002632ec58630, 0x000002632ec75b80, 0x000002632ec91080, 0x000002632ec94bf0,
0x000002632ec95c90, 0x000002632ec98d40, 0x000002632ec90bb0, 0x000002632ec90210,
0x000002632ef2da50, 0x000002632ec906e0, 0x000002632ec91a20, 0x000002632ec91550,
0x000002632ec8e060, 0x000002632ec8f870, 0x000002632ec8e530, 0x000002632ec8ea00,
0x000002632ec8eed0, 0x000002632ec8fd40, 0x0000026331814cb0, 0x000002633180ffb0,
0x0000026331815180, 0x0000026331810480
}

Java Threads: ( => current thread )
  0x000002631496a510 JavaThread "main" [_thread_blocked, id=10900, stack(0x000000fb1ef00000,0x000000fb1f000000)]
  0x000002632e3ac210 JavaThread "Reference Handler" daemon [_thread_blocked, id=5452, stack(0x000000fb1f600000,0x000000fb1f700000)]
  0x000002632e3ae1c0 JavaThread "Finalizer" daemon [_thread_blocked, id=10776, stack(0x000000fb1f700000,0x000000fb1f800000)]
  0x000002632ec54d50 JavaThread "Signal Dispatcher" daemon [_thread_blocked, id=14492, stack(0x000000fb1f800000,0x000000fb1f900000)]
  0x000002632ec58630 JavaThread "Attach Listener" daemon [_thread_blocked, id=12096, stack(0x000000fb1f900000,0x000000fb1fa00000)]
  0x000002632ec75b80 JavaThread "Service Thread" daemon [_thread_blocked, id=10376, stack(0x000000fb1fa00000,0x000000fb1fb00000)]
  0x000002632ec91080 JavaThread "Monitor Deflation Thread" daemon [_thread_blocked, id=11904, stack(0x000000fb1fb00000,0x000000fb1fc00000)]
  0x000002632ec94bf0 JavaThread "C2 CompilerThread0" daemon [_thread_blocked, id=7188, stack(0x000000fb1fc00000,0x000000fb1fd00000)]
  0x000002632ec95c90 JavaThread "C1 CompilerThread0" daemon [_thread_in_vm, id=15252, stack(0x000000fb1fd00000,0x000000fb1fe00000)]
  0x000002632ec98d40 JavaThread "Sweeper thread" daemon [_thread_blocked, id=13624, stack(0x000000fb1fe00000,0x000000fb1ff00000)]
  0x000002632ec90bb0 JavaThread "Common-Cleaner" daemon [_thread_blocked, id=10720, stack(0x000000fb1ff00000,0x000000fb20000000)]
  0x000002632ec90210 JavaThread "Notification Thread" daemon [_thread_blocked, id=14772, stack(0x000000fb20000000,0x000000fb20100000)]
=>0x000002632ef2da50 JavaThread "C2 CompilerThread1" daemon [_thread_in_native, id=5096, stack(0x000000fb20200000,0x000000fb20300000)]
  0x000002632ec906e0 JavaThread "Daemon health stats" [_thread_blocked, id=14564, stack(0x000000fb20800000,0x000000fb20900000)]
  0x000002632ec91a20 JavaThread "Incoming local TCP Connector on port 61481" [_thread_in_native, id=12064, stack(0x000000fb20900000,0x000000fb20a00000)]
  0x000002632ec91550 JavaThread "Daemon periodic checks" [_thread_blocked, id=1848, stack(0x000000fb20a00000,0x000000fb20b00000)]
  0x000002632ec8e060 JavaThread "Daemon" [_thread_blocked, id=14592, stack(0x000000fb20b00000,0x000000fb20c00000)]
  0x000002632ec8f870 JavaThread "Handler for socket connection from /127.0.0.1:61481 to /127.0.0.1:61482" [_thread_in_native, id=10592, stack(0x000000fb20c00000,0x000000fb20d00000)]
  0x000002632ec8e530 JavaThread "Cancel handler" [_thread_blocked, id=10024, stack(0x000000fb20d00000,0x000000fb20e00000)]
  0x000002632ec8ea00 JavaThread "Daemon worker" [_thread_in_native, id=1328, stack(0x000000fb20e00000,0x000000fb20f00000)]
  0x000002632ec8eed0 JavaThread "Asynchronous log dispatcher for DefaultDaemonConnection: socket connection from /127.0.0.1:61481 to /127.0.0.1:61482" [_thread_blocked, id=6768, stack(0x000000fb20f00000,0x000000fb21000000)]
  0x000002632ec8fd40 JavaThread "Stdin handler" [_thread_blocked, id=12976, stack(0x000000fb21000000,0x000000fb21100000)]
  0x0000026331814cb0 JavaThread "Daemon client event forwarder" [_thread_blocked, id=12632, stack(0x000000fb21100000,0x000000fb21200000)]
  0x000002633180ffb0 JavaThread "Cache worker for journal cache (C:\Users\blessed\.gradle\caches\journal-1)" [_thread_blocked, id=7340, stack(0x000000fb21300000,0x000000fb21400000)]
  0x0000026331815180 JavaThread "File lock request listener" [_thread_in_native, id=9708, stack(0x000000fb21400000,0x000000fb21500000)]
  0x0000026331810480 JavaThread "Cache worker for file hash cache (C:\Users\blessed\.gradle\caches\8.3\fileHashes)" [_thread_blocked, id=15200, stack(0x000000fb21500000,0x000000fb21600000)]

Other Threads:
  0x000002632ec1f4e0 VMThread "VM Thread" [stack: 0x000000fb1f500000,0x000000fb1f600000] [id=14796]
  0x000002631496b2d0 WatcherThread [stack: 0x000000fb20100000,0x000000fb20200000] [id=12392]
  0x00000263149c7020 GCTaskThread "GC Thread#0" [stack: 0x000000fb1f000000,0x000000fb1f100000] [id=14888]
  0x000002632fbe6ae0 GCTaskThread "GC Thread#1" [stack: 0x000000fb20300000,0x000000fb20400000] [id=14800]
  0x000002632fa9d5c0 GCTaskThread "GC Thread#2" [stack: 0x000000fb20400000,0x000000fb20500000] [id=576]
  0x000002632fc2c090 GCTaskThread "GC Thread#3" [stack: 0x000000fb20500000,0x000000fb20600000] [id=13456]
  0x000002632fc2c750 GCTaskThread "GC Thread#4" [stack: 0x000000fb20600000,0x000000fb20700000] [id=11440]
  0x000002632fa9c1e0 GCTaskThread "GC Thread#5" [stack: 0x000000fb20700000,0x000000fb20800000] [id=14268]
  0x00000263149d8610 ConcurrentGCThread "G1 Main Marker" [stack: 0x000000fb1f100000,0x000000fb1f200000] [id=11260]
  0x00000263149d8f30 ConcurrentGCThread "G1 Conc#0" [stack: 0x000000fb1f200000,0x000000fb1f300000] [id=1704]
  0x0000026331a7bd70 ConcurrentGCThread "G1 Conc#1" [stack: 0x000000fb21200000,0x000000fb21300000] [id=5748]
  0x0000026314a3dae0 ConcurrentGCThread "G1 Refine#0" [stack: 0x000000fb1f300000,0x000000fb1f400000] [id=8784]
  0x0000026314a3e410 ConcurrentGCThread "G1 Service" [stack: 0x000000fb1f400000,0x000000fb1f500000] [id=1988]

Threads with active compile tasks:
C2 CompilerThread1     2356 2181   !   4       java.net.URLClassLoader$1::run (81 bytes)

VM state: not at safepoint (normal execution)

VM Mutex/Monitor currently owned by a thread: None

Heap address: 0x0000000080000000, size: 2048 MB, Compressed Oops mode: 32-bit

CDS archive(s) not mapped
Compressed class space mapped at: 0x0000000100000000-0x0000000140000000, reserved size: 1073741824
Narrow klass base: 0x0000000000000000, Narrow klass shift: 3, Narrow klass range: 0x140000000

GC Precious Log:
 CPUs: 6 total, 6 available
 Memory: 16313M
 Large Page Support: Disabled
 NUMA Support: Disabled
 Compressed Oops: Enabled (32-bit)
 Heap Region Size: 1M
 Heap Min Capacity: 8M
 Heap Initial Capacity: 256M
 Heap Max Capacity: 2G
 Pre-touch: Disabled
 Parallel Workers: 6
 Concurrent Workers: 2
 Concurrent Refinement Workers: 6
 Periodic GC: Disabled

Heap:
 garbage-first heap   total 68608K, used 34923K [0x0000000080000000, 0x0000000100000000)
  region size 1024K, 18 young (18432K), 3 survivors (3072K)
 Metaspace       used 27851K, committed 28160K, reserved 1081344K
  class space    used 3710K, committed 3840K, reserved 1048576K

Heap Regions: E=young(eden), S=young(survivor), O=old, HS=humongous(starts), HC=humongous(continues), CS=collection set, F=free, OA=open archive, CA=closed archive, TAMS=top-at-mark-start (previous, next)
|   0|0x0000000080000000, 0x0000000080100000, 0x0000000080100000|100%|HS|  |TAMS 0x0000000080100000, 0x0000000080000000| Complete 
|   1|0x0000000080100000, 0x0000000080200000, 0x0000000080200000|100%|HC|  |TAMS 0x0000000080200000, 0x0000000080100000| Complete 
|   2|0x0000000080200000, 0x0000000080300000, 0x0000000080300000|100%|HC|  |TAMS 0x0000000080300000, 0x0000000080200000| Complete 
|   3|0x0000000080300000, 0x0000000080400000, 0x0000000080400000|100%|HC|  |TAMS 0x0000000080400000, 0x0000000080300000| Complete 
|   4|0x0000000080400000, 0x0000000080500000, 0x0000000080500000|100%| O|  |TAMS 0x0000000080500000, 0x0000000080400000| Untracked 
|   5|0x0000000080500000, 0x0000000080600000, 0x0000000080600000|100%| O|  |TAMS 0x0000000080600000, 0x0000000080500000| Untracked 
|   6|0x0000000080600000, 0x0000000080700000, 0x0000000080700000|100%| O|  |TAMS 0x0000000080700000, 0x0000000080600000| Untracked 
|   7|0x0000000080700000, 0x0000000080800000, 0x0000000080800000|100%| O|  |TAMS 0x0000000080800000, 0x0000000080700000| Untracked 
|   8|0x0000000080800000, 0x0000000080900000, 0x0000000080900000|100%| O|  |TAMS 0x0000000080900000, 0x0000000080800000| Untracked 
|   9|0x0000000080900000, 0x0000000080a00000, 0x0000000080a00000|100%| O|  |TAMS 0x0000000080a00000, 0x0000000080900000| Untracked 
|  10|0x0000000080a00000, 0x0000000080a40000, 0x0000000080b00000| 25%| O|  |TAMS 0x0000000080a40000, 0x0000000080a00000| Untracked 
|  11|0x0000000080b00000, 0x0000000080c00000, 0x0000000080c00000|100%| O|  |TAMS 0x0000000080b00000, 0x0000000080b00000| Untracked 
|  12|0x0000000080c00000, 0x0000000080d00000, 0x0000000080d00000|100%| O|  |TAMS 0x0000000080c00000, 0x0000000080c00000| Untracked 
|  13|0x0000000080d00000, 0x0000000080e00000, 0x0000000080e00000|100%| O|  |TAMS 0x0000000080d00000, 0x0000000080d00000| Untracked 
|  14|0x0000000080e00000, 0x0000000080f00000, 0x0000000080f00000|100%| O|  |TAMS 0x0000000080e00000, 0x0000000080e00000| Untracked 
|  15|0x0000000080f00000, 0x0000000081000000, 0x0000000081000000|100%| O|  |TAMS 0x0000000080f00000, 0x0000000080f00000| Untracked 
|  16|0x0000000081000000, 0x0000000081100000, 0x0000000081100000|100%| O|  |TAMS 0x0000000081000000, 0x0000000081000000| Untracked 
|  17|0x0000000081100000, 0x0000000081200000, 0x0000000081200000|100%| O|  |TAMS 0x0000000081100000, 0x0000000081100000| Untracked 
|  18|0x0000000081200000, 0x00000000812b3200, 0x0000000081300000| 69%| O|  |TAMS 0x0000000081200000, 0x0000000081200000| Untracked 
|  19|0x0000000081300000, 0x0000000081300000, 0x0000000081400000|  0%| F|  |TAMS 0x0000000081300000, 0x0000000081300000| Untracked 
|  20|0x0000000081400000, 0x0000000081400000, 0x0000000081500000|  0%| F|  |TAMS 0x0000000081400000, 0x0000000081400000| Untracked 
|  21|0x0000000081500000, 0x0000000081500000, 0x0000000081600000|  0%| F|  |TAMS 0x0000000081500000, 0x0000000081500000| Untracked 
|  22|0x0000000081600000, 0x0000000081600000, 0x0000000081700000|  0%| F|  |TAMS 0x0000000081600000, 0x0000000081600000| Untracked 
|  23|0x0000000081700000, 0x0000000081700000, 0x0000000081800000|  0%| F|  |TAMS 0x0000000081700000, 0x0000000081700000| Untracked 
|  24|0x0000000081800000, 0x0000000081827db0, 0x0000000081900000| 15%| S|CS|TAMS 0x0000000081800000, 0x0000000081800000| Complete 
|  25|0x0000000081900000, 0x0000000081a00000, 0x0000000081a00000|100%| S|CS|TAMS 0x0000000081900000, 0x0000000081900000| Complete 
|  26|0x0000000081a00000, 0x0000000081b00000, 0x0000000081b00000|100%| S|CS|TAMS 0x0000000081a00000, 0x0000000081a00000| Complete 
|  27|0x0000000081b00000, 0x0000000081b00000, 0x0000000081c00000|  0%| F|  |TAMS 0x0000000081b00000, 0x0000000081b00000| Untracked 
|  28|0x0000000081c00000, 0x0000000081c00000, 0x0000000081d00000|  0%| F|  |TAMS 0x0000000081c00000, 0x0000000081c00000| Untracked 
|  29|0x0000000081d00000, 0x0000000081d00000, 0x0000000081e00000|  0%| F|  |TAMS 0x0000000081d00000, 0x0000000081d00000| Untracked 
|  30|0x0000000081e00000, 0x0000000081e00000, 0x0000000081f00000|  0%| F|  |TAMS 0x0000000081e00000, 0x0000000081e00000| Untracked 
|  31|0x0000000081f00000, 0x0000000081f00000, 0x0000000082000000|  0%| F|  |TAMS 0x0000000081f00000, 0x0000000081f00000| Untracked 
|  32|0x0000000082000000, 0x0000000082000000, 0x0000000082100000|  0%| F|  |TAMS 0x0000000082000000, 0x0000000082000000| Untracked 
|  33|0x0000000082100000, 0x0000000082100000, 0x0000000082200000|  0%| F|  |TAMS 0x0000000082100000, 0x0000000082100000| Untracked 
|  34|0x0000000082200000, 0x0000000082200000, 0x0000000082300000|  0%| F|  |TAMS 0x0000000082200000, 0x0000000082200000| Untracked 
|  35|0x0000000082300000, 0x0000000082300000, 0x0000000082400000|  0%| F|  |TAMS 0x0000000082300000, 0x0000000082300000| Untracked 
|  36|0x0000000082400000, 0x0000000082400000, 0x0000000082500000|  0%| F|  |TAMS 0x0000000082400000, 0x0000000082400000| Untracked 
|  37|0x0000000082500000, 0x0000000082500000, 0x0000000082600000|  0%| F|  |TAMS 0x0000000082500000, 0x0000000082500000| Untracked 
|  38|0x0000000082600000, 0x0000000082600000, 0x0000000082700000|  0%| F|  |TAMS 0x0000000082600000, 0x0000000082600000| Untracked 
|  39|0x0000000082700000, 0x0000000082700000, 0x0000000082800000|  0%| F|  |TAMS 0x0000000082700000, 0x0000000082700000| Untracked 
|  40|0x0000000082800000, 0x0000000082800000, 0x0000000082900000|  0%| F|  |TAMS 0x0000000082800000, 0x0000000082800000| Untracked 
|  41|0x0000000082900000, 0x0000000082900000, 0x0000000082a00000|  0%| F|  |TAMS 0x0000000082900000, 0x0000000082900000| Untracked 
|  42|0x0000000082a00000, 0x0000000082a00000, 0x0000000082b00000|  0%| F|  |TAMS 0x0000000082a00000, 0x0000000082a00000| Untracked 
|  43|0x0000000082b00000, 0x0000000082b00000, 0x0000000082c00000|  0%| F|  |TAMS 0x0000000082b00000, 0x0000000082b00000| Untracked 
|  44|0x0000000082c00000, 0x0000000082c00000, 0x0000000082d00000|  0%| F|  |TAMS 0x0000000082c00000, 0x0000000082c00000| Untracked 
|  45|0x0000000082d00000, 0x0000000082d00000, 0x0000000082e00000|  0%| F|  |TAMS 0x0000000082d00000, 0x0000000082d00000| Untracked 
|  46|0x0000000082e00000, 0x0000000082e00000, 0x0000000082f00000|  0%| F|  |TAMS 0x0000000082e00000, 0x0000000082e00000| Untracked 
|  47|0x0000000082f00000, 0x0000000082f00000, 0x0000000083000000|  0%| F|  |TAMS 0x0000000082f00000, 0x0000000082f00000| Untracked 
|  48|0x0000000083000000, 0x0000000083000000, 0x0000000083100000|  0%| F|  |TAMS 0x0000000083000000, 0x0000000083000000| Untracked 
|  49|0x0000000083100000, 0x0000000083100000, 0x0000000083200000|  0%| F|  |TAMS 0x0000000083100000, 0x0000000083100000| Untracked 
|  50|0x0000000083200000, 0x0000000083200000, 0x0000000083300000|  0%| F|  |TAMS 0x0000000083200000, 0x0000000083200000| Untracked 
|  51|0x0000000083300000, 0x0000000083300000, 0x0000000083400000|  0%| F|  |TAMS 0x0000000083300000, 0x0000000083300000| Untracked 
|  52|0x0000000083400000, 0x00000000834e90e8, 0x0000000083500000| 91%| E|  |TAMS 0x0000000083400000, 0x0000000083400000| Complete 
|  53|0x0000000083500000, 0x0000000083600000, 0x0000000083600000|100%| E|CS|TAMS 0x0000000083500000, 0x0000000083500000| Complete 
|  54|0x0000000083600000, 0x0000000083700000, 0x0000000083700000|100%| E|CS|TAMS 0x0000000083600000, 0x0000000083600000| Complete 
|  55|0x0000000083700000, 0x0000000083800000, 0x0000000083800000|100%| E|CS|TAMS 0x0000000083700000, 0x0000000083700000| Complete 
|  56|0x0000000083800000, 0x0000000083900000, 0x0000000083900000|100%| E|CS|TAMS 0x0000000083800000, 0x0000000083800000| Complete 
|  57|0x0000000083900000, 0x0000000083a00000, 0x0000000083a00000|100%| E|CS|TAMS 0x0000000083900000, 0x0000000083900000| Complete 
| 196|0x000000008c400000, 0x000000008c500000, 0x000000008c500000|100%| E|CS|TAMS 0x000000008c400000, 0x000000008c400000| Complete 
| 197|0x000000008c500000, 0x000000008c600000, 0x000000008c600000|100%| E|CS|TAMS 0x000000008c500000, 0x000000008c500000| Complete 
| 198|0x000000008c600000, 0x000000008c700000, 0x000000008c700000|100%| E|CS|TAMS 0x000000008c600000, 0x000000008c600000| Complete 
| 199|0x000000008c700000, 0x000000008c800000, 0x000000008c800000|100%| E|CS|TAMS 0x000000008c700000, 0x000000008c700000| Complete 
| 200|0x000000008c800000, 0x000000008c900000, 0x000000008c900000|100%| E|CS|TAMS 0x000000008c800000, 0x000000008c800000| Complete 
| 201|0x000000008c900000, 0x000000008ca00000, 0x000000008ca00000|100%| E|CS|TAMS 0x000000008c900000, 0x000000008c900000| Complete 
| 202|0x000000008ca00000, 0x000000008cb00000, 0x000000008cb00000|100%| E|CS|TAMS 0x000000008ca00000, 0x000000008ca00000| Complete 
| 203|0x000000008cb00000, 0x000000008cc00000, 0x000000008cc00000|100%| E|CS|TAMS 0x000000008cb00000, 0x000000008cb00000| Complete 
| 255|0x000000008ff00000, 0x0000000090000000, 0x0000000090000000|100%| E|CS|TAMS 0x000000008ff00000, 0x000000008ff00000| Complete 

Card table byte_map: [0x0000026327350000,0x0000026327750000] _byte_map_base: 0x0000026326f50000

Marking Bits (Prev, Next): (CMBitMap*) 0x00000263149c7580, (CMBitMap*) 0x00000263149c7540
 Prev Bits: [0x0000026329b50000, 0x000002632bb50000)
 Next Bits: [0x0000026327b50000, 0x0000026329b50000)

Polling page: 0x0000026312950000

Metaspace:

Usage:
  Non-class:     23.59 MB used.
      Class:      3.63 MB used.
       Both:     27.21 MB used.

Virtual space:
  Non-class space:       32.00 MB reserved,      23.75 MB ( 74%) committed,  4 nodes.
      Class space:        1.00 GB reserved,       3.75 MB ( <1%) committed,  1 nodes.
             Both:        1.03 GB reserved,      27.50 MB (  3%) committed. 

Chunk freelists:
   Non-Class:  3.34 MB
       Class:  80.00 KB
        Both:  3.42 MB

MaxMetaspaceSize: unlimited
CompressedClassSpaceSize: 1.00 GB
Initial GC threshold: 21.00 MB
Current GC threshold: 35.12 MB
CDS: off
MetaspaceReclaimPolicy: balanced
 - commit_granule_bytes: 65536.
 - commit_granule_words: 8192.
 - virtual_space_node_default_size: 1048576.
 - enlarge_chunks_in_place: 1.
 - new_chunks_are_fully_committed: 0.
 - uncommit_free_chunks: 1.
 - use_allocation_guard: 0.
 - handle_deallocations: 1.


Internal statistics:

num_allocs_failed_limit: 3.
num_arena_births: 218.
num_arena_deaths: 0.
num_vsnodes_births: 5.
num_vsnodes_deaths: 0.
num_space_committed: 440.
num_space_uncommitted: 0.
num_chunks_returned_to_freelist: 3.
num_chunks_taken_from_freelist: 899.
num_chunk_merges: 3.
num_chunk_splits: 590.
num_chunks_enlarged: 427.
num_purges: 0.
num_inconsistent_stats: 0.

CodeHeap 'non-profiled nmethods': size=120000Kb used=1307Kb max_used=1307Kb free=118692Kb
 bounds [0x000002631f910000, 0x000002631fb80000, 0x0000026326e40000]
CodeHeap 'profiled nmethods': size=120000Kb used=4837Kb max_used=4837Kb free=115162Kb
 bounds [0x0000026317e40000, 0x0000026318300000, 0x000002631f370000]
CodeHeap 'non-nmethods': size=5760Kb used=1227Kb max_used=1296Kb free=4532Kb
 bounds [0x000002631f370000, 0x000002631f5e0000, 0x000002631f910000]
 total_blobs=2941 nmethods=2407 adapters=446
 compilation: enabled
              stopped_count=0, restarted_count=0
 full_count=0

Compilation events (20 events):
Event: 2.258 Thread 0x000002632ec95c90 2283       3       java.lang.reflect.Constructor::getRoot (5 bytes)
Event: 2.258 Thread 0x000002632ec95c90 nmethod 2283 0x00000263182bbd10 code [0x00000263182bbea0, 0x00000263182bbfb8]
Event: 2.258 Thread 0x000002632ec95c90 2284   !   3       org.gradle.internal.event.DefaultListenerManager$EventBroadcast::maybeAdd (103 bytes)
Event: 2.258 Thread 0x000002632ec95c90 nmethod 2284 0x00000263182bc090 code [0x00000263182bc320, 0x00000263182bcfc8]
Event: 2.259 Thread 0x000002632ec95c90 2285       3       org.gradle.internal.service.DefaultServiceRegistry$ParentServices::getService (11 bytes)
Event: 2.259 Thread 0x000002632ec95c90 nmethod 2285 0x00000263182bd590 code [0x00000263182bd740, 0x00000263182bd908]
Event: 2.259 Thread 0x000002632ec95c90 2286       3       org.gradle.internal.service.DefaultServiceRegistry::assertValidServiceType (51 bytes)
Event: 2.259 Thread 0x000002632ec95c90 nmethod 2286 0x00000263182bda10 code [0x00000263182bdc20, 0x00000263182be178]
Event: 2.259 Thread 0x000002632ec95c90 2287       3       org.gradle.internal.service.DefaultServiceRegistry::isSatisfiedBy (44 bytes)
Event: 2.259 Thread 0x000002632ec95c90 nmethod 2287 0x00000263182be390 code [0x00000263182be5a0, 0x00000263182becc8]
Event: 2.261 Thread 0x000002632ec95c90 2288       3       jdk.internal.jimage.BasicImageReader::verifyLocation (39 bytes)
Event: 2.261 Thread 0x000002632ec95c90 nmethod 2288 0x00000263182bee10 code [0x00000263182befe0, 0x00000263182bf2a8]
Event: 2.262 Thread 0x000002632ec95c90 2289       3       sun.nio.fs.NativeBuffers::getNativeBuffer (21 bytes)
Event: 2.262 Thread 0x000002632ec95c90 nmethod 2289 0x00000263182bf410 code [0x00000263182bf5e0, 0x00000263182bf8f8]
Event: 2.262 Thread 0x000002632ec95c90 2290   !   3       sun.nio.fs.WindowsPath::getPathForWin32Calls (135 bytes)
Event: 2.263 Thread 0x000002632ec95c90 nmethod 2290 0x00000263182bfa10 code [0x00000263182bfca0, 0x00000263182c0b38]
Event: 2.263 Thread 0x000002632ec95c90 2291       3       sun.nio.fs.WindowsNativeDispatcher::asNativeBuffer (103 bytes)
Event: 2.263 Thread 0x000002632ec95c90 nmethod 2291 0x00000263182c0f90 code [0x00000263182c1200, 0x00000263182c1bf8]
Event: 2.269 Thread 0x000002632ec95c90 2292       3       java.lang.reflect.Method::setMethodAccessor (21 bytes)
Event: 2.269 Thread 0x000002632ec95c90 nmethod 2292 0x00000263182c1f90 code [0x00000263182c2140, 0x00000263182c2428]

GC Heap History (8 events):
Event: 0.543 GC heap before
{Heap before GC invocations=0 (full 0):
 garbage-first heap   total 262144K, used 24576K [0x0000000080000000, 0x0000000100000000)
  region size 1024K, 21 young (21504K), 0 survivors (0K)
 Metaspace       used 10133K, committed 10240K, reserved 1064960K
  class space    used 1025K, committed 1088K, reserved 1048576K
}
Event: 0.546 GC heap after
{Heap after GC invocations=1 (full 0):
 garbage-first heap   total 262144K, used 10839K [0x0000000080000000, 0x0000000100000000)
  region size 1024K, 3 young (3072K), 3 survivors (3072K)
 Metaspace       used 10133K, committed 10240K, reserved 1064960K
  class space    used 1025K, committed 1088K, reserved 1048576K
}
Event: 1.016 GC heap before
{Heap before GC invocations=1 (full 0):
 garbage-first heap   total 262144K, used 34391K [0x0000000080000000, 0x0000000100000000)
  region size 1024K, 26 young (26624K), 3 survivors (3072K)
 Metaspace       used 11417K, committed 11584K, reserved 1064960K
  class space    used 1195K, committed 1280K, reserved 1048576K
}
Event: 1.018 GC heap after
{Heap after GC invocations=2 (full 0):
 garbage-first heap   total 262144K, used 11293K [0x0000000080000000, 0x0000000100000000)
  region size 1024K, 1 young (1024K), 1 survivors (1024K)
 Metaspace       used 11417K, committed 11584K, reserved 1064960K
  class space    used 1195K, committed 1280K, reserved 1048576K
}
Event: 1.759 GC heap before
{Heap before GC invocations=2 (full 0):
 garbage-first heap   total 262144K, used 62493K [0x0000000080000000, 0x0000000100000000)
  region size 1024K, 52 young (53248K), 1 survivors (1024K)
 Metaspace       used 21259K, committed 21504K, reserved 1073152K
  class space    used 2574K, committed 2688K, reserved 1048576K
}
Event: 1.762 GC heap after
{Heap after GC invocations=3 (full 0):
 garbage-first heap   total 262144K, used 18670K [0x0000000080000000, 0x0000000100000000)
  region size 1024K, 8 young (8192K), 8 survivors (8192K)
 Metaspace       used 21259K, committed 21504K, reserved 1073152K
  class space    used 2574K, committed 2688K, reserved 1048576K
}
Event: 2.188 GC heap before
{Heap before GC invocations=4 (full 0):
 garbage-first heap   total 68608K, used 50414K [0x0000000080000000, 0x0000000100000000)
  region size 1024K, 40 young (40960K), 8 survivors (8192K)
 Metaspace       used 25878K, committed 26176K, reserved 1073152K
  class space    used 3384K, committed 3520K, reserved 1048576K
}
Event: 2.192 GC heap after
{Heap after GC invocations=5 (full 0):
 garbage-first heap   total 68608K, used 20587K [0x0000000080000000, 0x0000000100000000)
  region size 1024K, 3 young (3072K), 3 survivors (3072K)
 Metaspace       used 25878K, committed 26176K, reserved 1073152K
  class space    used 3384K, committed 3520K, reserved 1048576K
}

Dll operation events (3 events):
Event: 0.006 Loaded shared library C:\Program Files\Android\Android Studio\jbr\bin\java.dll
Event: 0.107 Loaded shared library C:\Program Files\Android\Android Studio\jbr\bin\zip.dll
Event: 0.347 Loaded shared library C:\Program Files\Android\Android Studio\jbr\bin\verify.dll

Deoptimization events (20 events):
Event: 1.881 Thread 0x000002632ec8ea00 Uncommon trap: trap_request=0xffffff45 fr.pc=0x000002631f92c758 relative=0x00000000000001b8
Event: 1.881 Thread 0x000002632ec8ea00 Uncommon trap: reason=unstable_if action=reinterpret pc=0x000002631f92c758 method=java.util.regex.Matcher.reset()Ljava/util/regex/Matcher; @ 47 c2
Event: 1.881 Thread 0x000002632ec8ea00 DEOPT PACKING pc=0x000002631f92c758 sp=0x000000fb20efaa40
Event: 1.881 Thread 0x000002632ec8ea00 DEOPT UNPACKING pc=0x000002631f3c69a3 sp=0x000000fb20efa9d0 mode 2
Event: 1.896 Thread 0x000002632ec8ea00 Uncommon trap: trap_request=0xffffff45 fr.pc=0x000002631f99947c relative=0x000000000000075c
Event: 1.896 Thread 0x000002632ec8ea00 Uncommon trap: reason=unstable_if action=reinterpret pc=0x000002631f99947c method=java.util.ArrayList.grow(I)[Ljava/lang/Object; @ 17 c2
Event: 1.896 Thread 0x000002632ec8ea00 DEOPT PACKING pc=0x000002631f99947c sp=0x000000fb20efcb40
Event: 1.896 Thread 0x000002632ec8ea00 DEOPT UNPACKING pc=0x000002631f3c69a3 sp=0x000000fb20efc9d8 mode 2
Event: 1.911 Thread 0x000002632ec8ea00 Uncommon trap: trap_request=0xffffff45 fr.pc=0x000002631f988664 relative=0x0000000000000ae4
Event: 1.911 Thread 0x000002632ec8ea00 Uncommon trap: reason=unstable_if action=reinterpret pc=0x000002631f988664 method=java.io.WinNTFileSystem.resolve(Ljava/lang/String;Ljava/lang/String;)Ljava/lang/String; @ 19 c2
Event: 1.911 Thread 0x000002632ec8ea00 DEOPT PACKING pc=0x000002631f988664 sp=0x000000fb20efca20
Event: 1.911 Thread 0x000002632ec8ea00 DEOPT UNPACKING pc=0x000002631f3c69a3 sp=0x000000fb20efc9c8 mode 2
Event: 1.912 Thread 0x000002632ec8ea00 Uncommon trap: trap_request=0xffffff45 fr.pc=0x000002631f989aa8 relative=0x0000000000000608
Event: 1.912 Thread 0x000002632ec8ea00 Uncommon trap: reason=unstable_if action=reinterpret pc=0x000002631f989aa8 method=java.io.File.getName()Ljava/lang/String; @ 16 c2
Event: 1.912 Thread 0x000002632ec8ea00 DEOPT PACKING pc=0x000002631f989aa8 sp=0x000000fb20efc9c0
Event: 1.912 Thread 0x000002632ec8ea00 DEOPT UNPACKING pc=0x000002631f3c69a3 sp=0x000000fb20efc990 mode 2
Event: 2.213 Thread 0x000002632ec8ea00 Uncommon trap: trap_request=0xffffff45 fr.pc=0x000002631fa11f28 relative=0x00000000000003e8
Event: 2.213 Thread 0x000002632ec8ea00 Uncommon trap: reason=unstable_if action=reinterpret pc=0x000002631fa11f28 method=java.util.HashMap.getNode(Ljava/lang/Object;)Ljava/util/HashMap$Node; @ 131 c2
Event: 2.214 Thread 0x000002632ec8ea00 DEOPT PACKING pc=0x000002631fa11f28 sp=0x000000fb20efa9c0
Event: 2.214 Thread 0x000002632ec8ea00 DEOPT UNPACKING pc=0x000002631f3c69a3 sp=0x000000fb20efa8e0 mode 2

Classes unloaded (0 events):
No events

Classes redefined (0 events):
No events

Internal exceptions (20 events):
Event: 1.719 Thread 0x000002632ec8ea00 Exception <a 'java/lang/NoSuchMethodError'{0x000000008cffe0f8}: 'java.lang.Object java.lang.invoke.DirectMethodHandle$Holder.newInvokeSpecial(java.lang.Object, java.lang.Object, java.lang.Object, java.lang.Object, java.lang.Object, java.lang.Object)'> (0x000000008cffe0f8) 
thrown [s\src\hotspot\share\interpreter\linkResolver.cpp, line 771]
Event: 1.721 Thread 0x000002632ec8ea00 Exception <a 'java/lang/NoSuchMethodError'{0x000000008ce16660}: 'void java.lang.invoke.DirectMethodHandle$Holder.invokeSpecial(java.lang.Object, java.lang.Object, java.lang.Object, java.lang.Object, java.lang.Object)'> (0x000000008ce16660) 
thrown [s\src\hotspot\share\interpreter\linkResolver.cpp, line 771]
Event: 1.722 Thread 0x000002632ec8ea00 Exception <a 'java/lang/NoSuchMethodError'{0x000000008ce2a490}: 'void java.lang.invoke.DirectMethodHandle$Holder.invokeStaticInit(java.lang.Object, java.lang.Object)'> (0x000000008ce2a490) 
thrown [s\src\hotspot\share\interpreter\linkResolver.cpp, line 771]
Event: 1.772 Thread 0x000002632ec8ea00 Exception <a 'java/lang/NoSuchMethodError'{0x0000000083918cc8}: 'void java.lang.invoke.DelegatingMethodHandle$Holder.reinvoke_L(java.lang.Object, java.lang.Object, java.lang.Object, java.lang.Object, java.lang.Object, java.lang.Object, java.lang.Object, java.lang.Object, java.lang.Object, java.lang.Object)'> (0x0000000083918cc8) 
thrown [s\src\hotspot\share\interpreter\linkResolver.cpp, line 771]
Event: 1.773 Thread 0x000002632ec8ea00 Exception <a 'java/lang/NoSuchMethodError'{0x0000000083921278}: 'java.lang.Object java.lang.invoke.DirectMethodHandle$Holder.invokeSpecial(java.lang.Object, java.lang.Object, java.lang.Object, java.lang.Object, java.lang.Object, java.lang.Object, java.lang.Object, java.lang.Object, java.lang.Object, java.lang.Object)'> (0x0000000083921278) 
thrown [s\src\hotspot\share\interpreter\linkResolver.cpp, line 771]
Event: 1.773 Thread 0x000002632ec8ea00 Exception <a 'java/lang/NoSuchMethodError'{0x0000000083925b48}: 'java.lang.Object java.lang.invoke.Invokers$Holder.invoker(java.lang.Object, java.lang.Object, java.lang.Object, java.lang.Object, java.lang.Object, java.lang.Object, java.lang.Object, java.lang.Object, java.lang.Object, java.lang.Object)'> (0x0000000083925b48) 
thrown [s\src\hotspot\share\interpreter\linkResolver.cpp, line 771]
Event: 1.773 Thread 0x000002632ec8ea00 Exception <a 'java/lang/NoSuchMethodError'{0x000000008392b750}: 'java.lang.Object java.lang.invoke.DirectMethodHandle$Holder.invokeSpecial(java.lang.Object, java.lang.Object, java.lang.Object, java.lang.Object, java.lang.Object, java.lang.Object, java.lang.Object, java.lang.Object, java.lang.Object, java.lang.Object, java.lang.Object)'> (0x000000008392b750) 
thrown [s\src\hotspot\share\interpreter\linkResolver.cpp, line 771]
Event: 1.856 Thread 0x000002632ec8ea00 Exception <a 'java/lang/NoSuchMethodError'{0x00000000834f6658}: 'void java.lang.invoke.DirectMethodHandle$Holder.invokeStaticInit(java.lang.Object)'> (0x00000000834f6658) 
thrown [s\src\hotspot\share\interpreter\linkResolver.cpp, line 771]
Event: 1.868 Thread 0x000002632ec8ea00 Exception <a 'java/lang/NoSuchMethodError'{0x00000000833a7090}: 'java.lang.Object java.lang.invoke.DirectMethodHandle$Holder.newInvokeSpecial(java.lang.Object, java.lang.Object, java.lang.Object, int)'> (0x00000000833a7090) 
thrown [s\src\hotspot\share\interpreter\linkResolver.cpp, line 771]
Event: 1.868 Thread 0x000002632ec8ea00 Exception <a 'java/lang/NoSuchMethodError'{0x00000000833ab9c0}: 'java.lang.Object java.lang.invoke.DirectMethodHandle$Holder.invokeSpecial(java.lang.Object, java.lang.Object, java.lang.Object, java.lang.Object, int)'> (0x00000000833ab9c0) 
thrown [s\src\hotspot\share\interpreter\linkResolver.cpp, line 771]
Event: 1.869 Thread 0x000002632ec8ea00 Exception <a 'java/lang/NoSuchMethodError'{0x00000000833afad8}: 'java.lang.Object java.lang.invoke.Invokers$Holder.linkToTargetMethod(java.lang.Object, java.lang.Object, int, java.lang.Object)'> (0x00000000833afad8) 
thrown [s\src\hotspot\share\interpreter\linkResolver.cpp, line 771]
Event: 2.085 Thread 0x000002632ec8ea00 Exception <a 'java/lang/NoSuchMethodError'{0x0000000082350cf8}: 'int java.lang.invoke.DirectMethodHandle$Holder.invokeSpecialIFC(java.lang.Object, java.lang.Object, java.lang.Object, java.lang.Object)'> (0x0000000082350cf8) 
thrown [s\src\hotspot\share\interpreter\linkResolver.cpp, line 771]
Event: 2.086 Thread 0x000002632ec8ea00 Exception <a 'java/lang/NoSuchMethodError'{0x000000008235fd50}: 'java.lang.Object java.lang.invoke.DirectMethodHandle$Holder.invokeInterface(java.lang.Object, java.lang.Object, java.lang.Object)'> (0x000000008235fd50) 
thrown [s\src\hotspot\share\interpreter\linkResolver.cpp, line 771]
Event: 2.087 Thread 0x000002632ec8ea00 Exception <a 'java/lang/IncompatibleClassChangeError'{0x0000000082363968}: Found class java.lang.Object, but interface was expected> (0x0000000082363968) 
thrown [s\src\hotspot\share\interpreter\linkResolver.cpp, line 838]
Event: 2.103 Thread 0x000002632ec8ea00 Exception <a 'java/lang/NoSuchMethodError'{0x000000008225ffd0}: 'int java.lang.invoke.DirectMethodHandle$Holder.invokeStatic(java.lang.Object, java.lang.Object, java.lang.Object, java.lang.Object)'> (0x000000008225ffd0) 
thrown [s\src\hotspot\share\interpreter\linkResolver.cpp, line 771]
Event: 2.104 Thread 0x000002632ec8ea00 Exception <a 'java/lang/NoSuchMethodError'{0x0000000082263bf8}: 'java.lang.Object java.lang.invoke.Invokers$Holder.invokeExact_MT(java.lang.Object, java.lang.Object, java.lang.Object, java.lang.Object, java.lang.Object, java.lang.Object)'> (0x0000000082263bf8) 
thrown [s\src\hotspot\share\interpreter\linkResolver.cpp, line 771]
Event: 2.144 Thread 0x000002632ec8ea00 Exception <a 'java/lang/NoSuchMethodError'{0x0000000081e4c5e0}: 'java.lang.Object java.lang.invoke.DirectMethodHandle$Holder.invokeSpecial(java.lang.Object, java.lang.Object, java.lang.Object, java.lang.Object, java.lang.Object, java.lang.Object, java.lang.Object, java.lang.Object, java.lang.Object)'> (0x0000000081e4c5e0) 
thrown [s\src\hotspot\share\interpreter\linkResolver.cpp, line 771]
Event: 2.204 Thread 0x000002632ec8ea00 Exception <a 'java/lang/NoSuchMethodError'{0x000000008cb3b938}: 'java.lang.Object java.lang.invoke.DirectMethodHandle$Holder.invokeVirtual(java.lang.Object, java.lang.Object, java.lang.Object, java.lang.Object)'> (0x000000008cb3b938) 
thrown [s\src\hotspot\share\interpreter\linkResolver.cpp, line 771]
Event: 2.220 Thread 0x000002632ec8ea00 Exception <a 'java/lang/NoSuchMethodError'{0x000000008ca914f8}: 'java.lang.Object java.lang.invoke.DirectMethodHandle$Holder.newInvokeSpecial(java.lang.Object, java.lang.Object, java.lang.Object, java.lang.Object, java.lang.Object, java.lang.Object, java.lang.Object)'> (0x000000008ca914f8) 
thrown [s\src\hotspot\share\interpreter\linkResolver.cpp, line 771]
Event: 2.220 Thread 0x000002632ec8ea00 Exception <a 'java/lang/NoSuchMethodError'{0x000000008ca961c8}: 'java.lang.Object java.lang.invoke.Invokers$Holder.linkToTargetMethod(java.lang.Object, java.lang.Object, java.lang.Object, java.lang.Object, java.lang.Object, java.lang.Object, java.lang.Object)'> (0x000000008ca961c8) 
thrown [s\src\hotspot\share\interpreter\linkResolver.cpp, line 771]

VM Operations (20 events):
Event: 1.408 Executing VM operation: HandshakeAllThreads
Event: 1.408 Executing VM operation: HandshakeAllThreads done
Event: 1.444 Executing VM operation: HandshakeAllThreads
Event: 1.444 Executing VM operation: HandshakeAllThreads done
Event: 1.541 Executing VM operation: HandshakeAllThreads
Event: 1.541 Executing VM operation: HandshakeAllThreads done
Event: 1.750 Executing VM operation: HandshakeAllThreads
Event: 1.750 Executing VM operation: HandshakeAllThreads done
Event: 1.758 Executing VM operation: CollectForMetadataAllocation
Event: 1.762 Executing VM operation: CollectForMetadataAllocation done
Event: 1.765 Executing VM operation: G1Concurrent
Event: 1.766 Executing VM operation: G1Concurrent done
Event: 1.767 Executing VM operation: G1Concurrent
Event: 1.768 Executing VM operation: G1Concurrent done
Event: 1.934 Executing VM operation: HandshakeAllThreads
Event: 1.934 Executing VM operation: HandshakeAllThreads done
Event: 1.934 Executing VM operation: HandshakeAllThreads
Event: 1.934 Executing VM operation: HandshakeAllThreads done
Event: 2.187 Executing VM operation: G1CollectForAllocation
Event: 2.192 Executing VM operation: G1CollectForAllocation done

Events (20 events):
Event: 2.093 loading class java/io/ObjectInputStream
Event: 2.093 loading class java/io/ObjectInput
Event: 2.093 loading class java/io/ObjectInput done
Event: 2.093 loading class java/io/ObjectStreamConstants
Event: 2.093 loading class java/io/ObjectStreamConstants done
Event: 2.093 loading class java/io/ObjectInputStream done
Event: 2.094 loading class java/io/ObjectOutputStream
Event: 2.094 loading class java/io/ObjectOutput
Event: 2.094 loading class java/io/ObjectOutput done
Event: 2.094 loading class java/io/ObjectOutputStream done
Event: 2.185 loading class javax/xml/parsers/ParserConfigurationException
Event: 2.185 loading class javax/xml/parsers/ParserConfigurationException done
Event: 2.185 loading class org/xml/sax/SAXException
Event: 2.185 loading class org/xml/sax/SAXException done
Event: 2.185 loading class javax/xml/xpath/XPathExpressionException
Event: 2.185 loading class javax/xml/xpath/XPathException
Event: 2.186 loading class javax/xml/xpath/XPathException done
Event: 2.186 loading class javax/xml/xpath/XPathExpressionException done
Event: 2.186 loading class org/xml/sax/ErrorHandler
Event: 2.186 loading class org/xml/sax/ErrorHandler done


Dynamic libraries:
0x00007ff71df30000 - 0x00007ff71df3a000 	C:\Program Files\Android\Android Studio\jbr\bin\java.exe
0x00007ff9a2c50000 - 0x00007ff9a2e48000 	C:\Windows\SYSTEM32\ntdll.dll
0x00007ff9a1bd0000 - 0x00007ff9a1c8f000 	C:\Windows\System32\KERNEL32.DLL
0x00007ff9a06f0000 - 0x00007ff9a09e6000 	C:\Windows\System32\KERNELBASE.dll
0x00007ff9a09f0000 - 0x00007ff9a0af0000 	C:\Windows\System32\ucrtbase.dll
0x00007ff98dc50000 - 0x00007ff98dc67000 	C:\Program Files\Android\Android Studio\jbr\bin\jli.dll
0x00007ff98d250000 - 0x00007ff98d26b000 	C:\Program Files\Android\Android Studio\jbr\bin\VCRUNTIME140.dll
0x00007ff9a18b0000 - 0x00007ff9a1a4d000 	C:\Windows\System32\USER32.dll
0x00007ff989970000 - 0x00007ff989c0a000 	C:\Windows\WinSxS\amd64_microsoft.windows.common-controls_6595b64144ccf1df_6.0.19041.1110_none_60b5254171f9507e\COMCTL32.dll
0x00007ff9a1ab0000 - 0x00007ff9a1b4e000 	C:\Windows\System32\msvcrt.dll
0x00007ff9a0c50000 - 0x00007ff9a0c72000 	C:\Windows\System32\win32u.dll
0x00007ff9a1a50000 - 0x00007ff9a1a7c000 	C:\Windows\System32\GDI32.dll
0x00007ff9a0490000 - 0x00007ff9a05a5000 	C:\Windows\System32\gdi32full.dll
0x00007ff9a03f0000 - 0x00007ff9a048d000 	C:\Windows\System32\msvcp_win.dll
0x00007ff9a2930000 - 0x00007ff9a2960000 	C:\Windows\System32\IMM32.DLL
0x00007ff98db10000 - 0x00007ff98db1c000 	C:\Program Files\Android\Android Studio\jbr\bin\vcruntime140_1.dll
0x00007ff95b750000 - 0x00007ff95b7dd000 	C:\Program Files\Android\Android Studio\jbr\bin\msvcp140.dll
0x00007ff936f50000 - 0x00007ff937bbe000 	C:\Program Files\Android\Android Studio\jbr\bin\server\jvm.dll
0x00007ff9a1800000 - 0x00007ff9a18af000 	C:\Windows\System32\ADVAPI32.dll
0x00007ff9a1760000 - 0x00007ff9a17fc000 	C:\Windows\System32\sechost.dll
0x00007ff9a2650000 - 0x00007ff9a2776000 	C:\Windows\System32\RPCRT4.dll
0x00007ff993540000 - 0x00007ff993549000 	C:\Windows\SYSTEM32\WSOCK32.dll
0x00007ff993490000 - 0x00007ff9934b7000 	C:\Windows\SYSTEM32\WINMM.dll
0x00007ff99ab50000 - 0x00007ff99ab5a000 	C:\Windows\SYSTEM32\VERSION.dll
0x00007ff9a1330000 - 0x00007ff9a139b000 	C:\Windows\System32\WS2_32.dll
0x00007ff99e130000 - 0x00007ff99e142000 	C:\Windows\SYSTEM32\kernel.appcore.dll
0x00007ff991d40000 - 0x00007ff991d4a000 	C:\Program Files\Android\Android Studio\jbr\bin\jimage.dll
0x00007ff9921e0000 - 0x00007ff9923c4000 	C:\Windows\SYSTEM32\DBGHELP.DLL
0x00007ff98b340000 - 0x00007ff98b374000 	C:\Windows\SYSTEM32\dbgcore.DLL
0x00007ff9a0660000 - 0x00007ff9a06e2000 	C:\Windows\System32\bcryptPrimitives.dll
0x00007ff98e0f0000 - 0x00007ff98e0fe000 	C:\Program Files\Android\Android Studio\jbr\bin\instrument.dll
0x00007ff991be0000 - 0x00007ff991c05000 	C:\Program Files\Android\Android Studio\jbr\bin\java.dll
0x00007ff991bc0000 - 0x00007ff991bd8000 	C:\Program Files\Android\Android Studio\jbr\bin\zip.dll
0x00007ff9a1e90000 - 0x00007ff9a25d4000 	C:\Windows\System32\SHELL32.dll
0x00007ff99e410000 - 0x00007ff99eba3000 	C:\Windows\SYSTEM32\windows.storage.dll
0x00007ff9a13a0000 - 0x00007ff9a16f4000 	C:\Windows\System32\combase.dll
0x00007ff99fd90000 - 0x00007ff99fdbe000 	C:\Windows\SYSTEM32\Wldp.dll
0x00007ff9a0cb0000 - 0x00007ff9a0d5d000 	C:\Windows\System32\SHCORE.dll
0x00007ff9a25e0000 - 0x00007ff9a2635000 	C:\Windows\System32\shlwapi.dll
0x00007ff9a0270000 - 0x00007ff9a028f000 	C:\Windows\SYSTEM32\profapi.dll
0x00007ff991b50000 - 0x00007ff991b69000 	C:\Program Files\Android\Android Studio\jbr\bin\net.dll
0x00007ff999e20000 - 0x00007ff999f2a000 	C:\Windows\SYSTEM32\WINHTTP.dll
0x00007ff99fa80000 - 0x00007ff99faea000 	C:\Windows\system32\mswsock.dll
0x00007ff98e750000 - 0x00007ff98e766000 	C:\Program Files\Android\Android Studio\jbr\bin\nio.dll
0x00007ff991c30000 - 0x00007ff991c40000 	C:\Program Files\Android\Android Studio\jbr\bin\verify.dll
0x00007ff98d1c0000 - 0x00007ff98d1e7000 	C:\Users\blessed\.gradle\native\68d5fa5c4cc2d200863cafc0d521ce42e7d3e7ee720ec0a83991735586a16f82\windows-amd64\native-platform.dll
0x00007ff957860000 - 0x00007ff9579a4000 	C:\Users\blessed\.gradle\native\e376f236ea51e6404a007f0833ffe2c6e607c4080706a723a18a27aeea778392\windows-amd64\native-platform-file-events.dll
0x00007ff991bb0000 - 0x00007ff991bb9000 	C:\Program Files\Android\Android Studio\jbr\bin\management.dll
0x00007ff991b40000 - 0x00007ff991b4b000 	C:\Program Files\Android\Android Studio\jbr\bin\management_ext.dll
0x00007ff9a2640000 - 0x00007ff9a2648000 	C:\Windows\System32\PSAPI.DLL
0x00007ff99fce0000 - 0x00007ff99fcf8000 	C:\Windows\SYSTEM32\CRYPTSP.dll
0x00007ff99f330000 - 0x00007ff99f364000 	C:\Windows\system32\rsaenh.dll
0x00007ff9a0c80000 - 0x00007ff9a0ca7000 	C:\Windows\System32\bcrypt.dll
0x00007ff9a0230000 - 0x00007ff9a025e000 	C:\Windows\SYSTEM32\USERENV.dll
0x00007ff99fd00000 - 0x00007ff99fd0c000 	C:\Windows\SYSTEM32\CRYPTBASE.dll
0x00007ff99f700000 - 0x00007ff99f73c000 	C:\Windows\SYSTEM32\IPHLPAPI.DLL
0x00007ff9a1aa0000 - 0x00007ff9a1aa8000 	C:\Windows\System32\NSI.dll
0x00007ff99a820000 - 0x00007ff99a837000 	C:\Windows\SYSTEM32\dhcpcsvc6.DLL
0x00007ff99a610000 - 0x00007ff99a62d000 	C:\Windows\SYSTEM32\dhcpcsvc.DLL
0x00007ff99f740000 - 0x00007ff99f80b000 	C:\Windows\SYSTEM32\DNSAPI.dll
0x00007ff95a780000 - 0x00007ff95a787000 	C:\Windows\system32\wshunix.dll

dbghelp: loaded successfully - version: 4.0.5 - missing functions: none
symbol engine: initialized successfully - sym options: 0x614 - pdb path: .;C:\Program Files\Android\Android Studio\jbr\bin;C:\Windows\SYSTEM32;C:\Windows\WinSxS\amd64_microsoft.windows.common-controls_6595b64144ccf1df_6.0.19041.1110_none_60b5254171f9507e;C:\Program Files\Android\Android Studio\jbr\bin\server;C:\Users\blessed\.gradle\native\68d5fa5c4cc2d200863cafc0d521ce42e7d3e7ee720ec0a83991735586a16f82\windows-amd64;C:\Users\blessed\.gradle\native\e376f236ea51e6404a007f0833ffe2c6e607c4080706a723a18a27aeea778392\windows-amd64

VM Arguments:
jvm_args: --add-opens=java.base/java.util=ALL-UNNAMED --add-opens=java.base/java.lang=ALL-UNNAMED --add-opens=java.base/java.lang.invoke=ALL-UNNAMED --add-opens=java.prefs/java.util.prefs=ALL-UNNAMED --add-opens=java.base/java.nio.charset=ALL-UNNAMED --add-opens=java.base/java.net=ALL-UNNAMED --add-opens=java.base/java.util.concurrent.atomic=ALL-UNNAMED -Xmx2048m -Dfile.encoding=UTF-8 -Duser.country=RU -Duser.language=ru -Duser.variant -javaagent:C:\Users\blessed\.gradle\wrapper\dists\gradle-8.3-bin\dxjbbhstwasg8cbags9q7cvli\gradle-8.3\lib\agents\gradle-instrumentation-agent-8.3.jar 
java_command: org.gradle.launcher.daemon.bootstrap.GradleDaemon 8.3
java_class_path (initial): C:\Users\blessed\.gradle\wrapper\dists\gradle-8.3-bin\dxjbbhstwasg8cbags9q7cvli\gradle-8.3\lib\gradle-launcher-8.3.jar
Launcher Type: SUN_STANDARD

[Global flags]
     intx CICompilerCount                          = 3                                         {product} {ergonomic}
     uint ConcGCThreads                            = 2                                         {product} {ergonomic}
     uint G1ConcRefinementThreads                  = 6                                         {product} {ergonomic}
   size_t G1HeapRegionSize                         = 1048576                                   {product} {ergonomic}
    uintx GCDrainStackTargetSize                   = 64                                        {product} {ergonomic}
   size_t InitialHeapSize                          = 268435456                                 {product} {ergonomic}
   size_t MarkStackSize                            = 4194304                                   {product} {ergonomic}
   size_t MaxHeapSize                              = 2147483648                                {product} {command line}
   size_t MaxNewSize                               = 1287651328                                {product} {ergonomic}
   size_t MinHeapDeltaBytes                        = 1048576                                   {product} {ergonomic}
   size_t MinHeapSize                              = 8388608                                   {product} {ergonomic}
    uintx NonNMethodCodeHeapSize                   = 5832780                                {pd product} {ergonomic}
    uintx NonProfiledCodeHeapSize                  = 122912730                              {pd product} {ergonomic}
    uintx ProfiledCodeHeapSize                     = 122912730                              {pd product} {ergonomic}
    uintx ReservedCodeCacheSize                    = 251658240                              {pd product} {ergonomic}
     bool SegmentedCodeCache                       = true                                      {product} {ergonomic}
   size_t SoftMaxHeapSize                          = 2147483648                             {manageable} {ergonomic}
     bool UseCompressedClassPointers               = true                           {product lp64_product} {ergonomic}
     bool UseCompressedOops                        = true                           {product lp64_product} {ergonomic}
     bool UseG1GC                                  = true                                      {product} {ergonomic}
     bool UseLargePagesIndividualAllocation        = false                                  {pd product} {ergonomic}

Logging:
Log output configuration:
 #0: stdout all=warning uptime,level,tags
 #1: stderr all=off uptime,level,tags

Environment Variables:
PATH=C:\Program Files\Common Files\Oracle\Java\javapath;C:\Windows\system32;C:\Windows;C:\Windows\System32\Wbem;C:\Windows\System32\WindowsPowerShell\v1.0\;C:\Windows\System32\OpenSSH\;C:\Users\blessed\AppData\Local\Microsoft\WindowsApps;
USERNAME=blessed
OS=Windows_NT
PROCESSOR_IDENTIFIER=Intel64 Family 6 Model 158 Stepping 10, GenuineIntel
TMP=C:\Users\blessed\AppData\Local\Temp
TEMP=C:\Users\blessed\AppData\Local\Temp


JNI global refs:
JNI global refs: 23, weak refs: 0

JNI global refs memory usage: 843, weak refs: 841


---------------  S Y S T E M  ---------------

OS:
 Windows 10 , 64 bit Build 19041 (10.0.19041.2913)
OS uptime: 0 days 18:19 hours

CPU: total 6 (initial active 6) (6 cores per cpu, 1 threads per core) family 6 model 158 stepping 10 microcode 0xb4, cx8, cmov, fxsr, mmx, 3dnowpref, sse, sse2, sse3, ssse3, sse4.1, sse4.2, popcnt, lzcnt, tsc, tscinvbit, avx, avx2, aes, erms, clmul, bmi1, bmi2, adx, fma, vzeroupper, clflush, clflushopt

Memory: 4k page, system-wide physical 16313M (5767M free)
TotalPageFile size 22567M (AvailPageFile size 4262M)
current process WorkingSet (physical memory assigned to process): 178M, peak: 183M
current process commit charge ("private bytes"): 219M, peak: 393M

vm_info: OpenJDK 64-Bit Server VM (17.0.6+0-b2043.56-10027231) for windows-amd64 JRE (17.0.6+0-b2043.56-10027231), built on Apr 28 2023 00:43:19 by "androidbuild" with MS VC++ 16.10 / 16.11 (VS2019)

END.
